Build started 2013/7/22 10:19:50.
     1>Project "C:\Users\Arthur\Documents\GitHub\code\Chapter6_NonRigidFaceTracking\build\opencv_hotshots\ft\exe\annotate.vcxproj" on node 6 (build target(s)).
     1>InitializeBuildStatus:
         Creating "annotate.dir\Release\annotate.unsuccessfulbuild" because "AlwaysCreate" was specified.
       CustomBuild:
         Building Custom Rule C:/Users/Arthur/Documents/GitHub/code/Chapter6_NonRigidFaceTracking/src/opencv_hotshots/ft/exe/CMakeLists.txt
         CMake does not need to re-run because C:\Users\Arthur\Documents\GitHub\code\Chapter6_NonRigidFaceTracking\build\opencv_hotshots\ft\exe\CMakeFiles\generate.stamp is up-to-date.
       ClCompile:
         C:\Program Files (x86)\Microsoft Visual Studio 10.0\VC\bin\CL.exe /c /ID:/OpenCV/2.4.5/opencv/mybuild/install/include /ID:/OpenCV/2.4.5/opencv/mybuild/install/include/opencv /IC:/Users/Arthur/Documents/GitHub/code/Chapter6_NonRigidFaceTracking/src /nologo /W3 /WX- /O2 /Ob2 /Oy- /D WIN32 /D _WINDOWS /D NDEBUG /D "CMAKE_INTDIR=\"Release\"" /D _MBCS /Gm- /EHsc /MD /GS /fp:precise /Zc:wchar_t /Zc:forScope /GR /Fo"annotate.dir\Release\\" /Fd"C:/Users/Arthur/Documents/GitHub/code/Chapter6_NonRigidFaceTracking/bin/Release/annotate.pdb" /Gd /TP /analyze- /errorReport:prompt ..\..\..\..\src\opencv_hotshots\ft\exe\annotate.cpp
         annotate.cpp
     1>..\..\..\..\src\opencv_hotshots\ft\exe\annotate.cpp(162): warning C4244: 'argument' : conversion from 'int' to 'float', possible loss of data
     1>..\..\..\..\src\opencv_hotshots\ft\exe\annotate.cpp(162): warning C4244: 'argument' : conversion from 'int' to 'float', possible loss of data
     1>..\..\..\..\src\opencv_hotshots\ft\exe\annotate.cpp(170): warning C4244: 'argument' : conversion from 'int' to 'float', possible loss of data
     1>..\..\..\..\src\opencv_hotshots\ft\exe\annotate.cpp(170): warning C4244: 'argument' : conversion from 'int' to 'float', possible loss of data
     1>..\..\..\..\src\opencv_hotshots\ft\exe\annotate.cpp(188): warning C4244: 'argument' : conversion from 'int' to 'float', possible loss of data
     1>..\..\..\..\src\opencv_hotshots\ft\exe\annotate.cpp(188): warning C4244: 'argument' : conversion from 'int' to 'float', possible loss of data
     1>..\..\..\..\src\opencv_hotshots\ft\exe\annotate.cpp(206): warning C4244: 'argument' : conversion from 'int' to 'float', possible loss of data
     1>..\..\..\..\src\opencv_hotshots\ft\exe\annotate.cpp(206): warning C4244: 'argument' : conversion from 'int' to 'float', possible loss of data
     1>..\..\..\..\src\opencv_hotshots\ft\exe\annotate.cpp(214): warning C4244: 'argument' : conversion from 'int' to 'float', possible loss of data
     1>..\..\..\..\src\opencv_hotshots\ft\exe\annotate.cpp(214): warning C4244: 'argument' : conversion from 'int' to 'float', possible loss of data
     1>..\..\..\..\src\opencv_hotshots\ft\exe\annotate.cpp(260): warning C4244: 'argument' : conversion from 'int' to 'float', possible loss of data
     1>..\..\..\..\src\opencv_hotshots\ft\exe\annotate.cpp(260): warning C4244: 'argument' : conversion from 'int' to 'float', possible loss of data
     1>..\..\..\..\src\opencv_hotshots\ft\exe\annotate.cpp(266): warning C4244: 'argument' : conversion from 'int' to 'float', possible loss of data
     1>..\..\..\..\src\opencv_hotshots\ft\exe\annotate.cpp(266): warning C4244: 'argument' : conversion from 'int' to 'float', possible loss of data
       Link:
         C:\Program Files (x86)\Microsoft Visual Studio 10.0\VC\bin\link.exe /ERRORREPORT:PROMPT /OUT:"C:\Users\Arthur\Documents\GitHub\code\Chapter6_NonRigidFaceTracking\bin\Release\annotate.exe" /INCREMENTAL:NO /NOLOGO kernel32.lib user32.lib gdi32.lib winspool.lib shell32.lib ole32.lib oleaut32.lib uuid.lib comdlg32.lib advapi32.lib D:\OpenCV\2.4.5\opencv\mybuild\install\lib\opencv_calib3d245.lib D:\OpenCV\2.4.5\opencv\mybuild\install\lib\opencv_contrib245.lib D:\OpenCV\2.4.5\opencv\mybuild\install\lib\opencv_core245.lib D:\OpenCV\2.4.5\opencv\mybuild\install\lib\opencv_features2d245.lib D:\OpenCV\2.4.5\opencv\mybuild\install\lib\opencv_flann245.lib D:\OpenCV\2.4.5\opencv\mybuild\install\lib\opencv_gpu245.lib D:\OpenCV\2.4.5\opencv\mybuild\install\lib\opencv_highgui245.lib D:\OpenCV\2.4.5\opencv\mybuild\install\lib\opencv_imgproc245.lib D:\OpenCV\2.4.5\opencv\mybuild\install\lib\opencv_legacy245.lib D:\OpenCV\2.4.5\opencv\mybuild\install\lib\opencv_ml245.lib D:\OpenCV\2.4.5\opencv\mybuild\install\lib\opencv_nonfree245.lib D:\OpenCV\2.4.5\opencv\mybuild\install\lib\opencv_objdetect245.lib D:\OpenCV\2.4.5\opencv\mybuild\install\lib\opencv_photo245.lib D:\OpenCV\2.4.5\opencv\mybuild\install\lib\opencv_stitching245.lib D:\OpenCV\2.4.5\opencv\mybuild\install\lib\opencv_superres245.lib D:\OpenCV\2.4.5\opencv\mybuild\install\lib\opencv_ts245.lib D:\OpenCV\2.4.5\opencv\mybuild\install\lib\opencv_video245.lib D:\OpenCV\2.4.5\opencv\mybuild\install\lib\opencv_videostab245.lib C:\Users\Arthur\Documents\GitHub\code\Chapter6_NonRigidFaceTracking\lib\Release\ft.lib D:\OpenCV\2.4.5\opencv\mybuild\install\lib\opencv_calib3d245.lib D:\OpenCV\2.4.5\opencv\mybuild\install\lib\opencv_contrib245.lib D:\OpenCV\2.4.5\opencv\mybuild\install\lib\opencv_core245.lib D:\OpenCV\2.4.5\opencv\mybuild\install\lib\opencv_features2d245.lib D:\OpenCV\2.4.5\opencv\mybuild\install\lib\opencv_flann245.lib D:\OpenCV\2.4.5\opencv\mybuild\install\lib\opencv_gpu245.lib D:\OpenCV\2.4.5\opencv\mybuild\install\lib\opencv_highgui245.lib D:\OpenCV\2.4.5\opencv\mybuild\install\lib\opencv_imgproc245.lib D:\OpenCV\2.4.5\opencv\mybuild\install\lib\opencv_legacy245.lib D:\OpenCV\2.4.5\opencv\mybuild\install\lib\opencv_ml245.lib D:\OpenCV\2.4.5\opencv\mybuild\install\lib\opencv_nonfree245.lib D:\OpenCV\2.4.5\opencv\mybuild\install\lib\opencv_objdetect245.lib D:\OpenCV\2.4.5\opencv\mybuild\install\lib\opencv_photo245.lib D:\OpenCV\2.4.5\opencv\mybuild\install\lib\opencv_stitching245.lib D:\OpenCV\2.4.5\opencv\mybuild\install\lib\opencv_superres245.lib D:\OpenCV\2.4.5\opencv\mybuild\install\lib\opencv_ts245.lib D:\OpenCV\2.4.5\opencv\mybuild\install\lib\opencv_video245.lib D:\OpenCV\2.4.5\opencv\mybuild\install\lib\opencv_videostab245.lib /MANIFEST /ManifestFile:"annotate.dir\Release\annotate.exe.intermediate.manifest" /MANIFESTUAC:"level='asInvoker' uiAccess='false'" /PDB:"C:/Users/Arthur/Documents/GitHub/code/Chapter6_NonRigidFaceTracking/bin/Release/annotate.pdb" /SUBSYSTEM:CONSOLE /TLBID:1 /DYNAMICBASE /NXCOMPAT /IMPLIB:"C:/Users/Arthur/Documents/GitHub/code/Chapter6_NonRigidFaceTracking/bin/Release/annotate.lib" /MACHINE:X86 annotate.dir\Release\annotate.obj  /machine:X86 
         annotate.vcxproj -> C:\Users\Arthur\Documents\GitHub\code\Chapter6_NonRigidFaceTracking\bin\Release\annotate.exe
       Manifest:
         C:\Program Files (x86)\Microsoft SDKs\Windows\v7.0A\bin\mt.exe /nologo /verbose /outputresource:"C:\Users\Arthur\Documents\GitHub\code\Chapter6_NonRigidFaceTracking\bin\Release\annotate.exe;#1" /manifest annotate.dir\Release\annotate.exe.intermediate.manifest
       FinalizeBuildStatus:
         Deleting file "annotate.dir\Release\annotate.unsuccessfulbuild".
         Touching "annotate.dir\Release\annotate.lastbuildstate".
     1>Done Building Project "C:\Users\Arthur\Documents\GitHub\code\Chapter6_NonRigidFaceTracking\build\opencv_hotshots\ft\exe\annotate.vcxproj" (build target(s)).

Build succeeded.

Time Elapsed 00:00:01.06
