Build started 2013/7/22 11:44:24.
     1>Project "C:\Users\Arthur\Documents\GitHub\code\Chapter6_NonRigidFaceTracking\build\opencv_hotshots\ft\exe\annotate.vcxproj" on node 3 (build target(s)).
     1>InitializeBuildStatus:
         Creating "annotate.dir\Debug\annotate.unsuccessfulbuild" because "AlwaysCreate" was specified.
       CustomBuild:
         All outputs are up-to-date.
       ClCompile:
         All outputs are up-to-date.
       ManifestResourceCompile:
         All outputs are up-to-date.
       Link:
         All outputs are up-to-date.
       Manifest:
         All outputs are up-to-date.
       FinalizeBuildStatus:
         Deleting file "annotate.dir\Debug\annotate.unsuccessfulbuild".
         Touching "annotate.dir\Debug\annotate.lastbuildstate".
     1>Done Building Project "C:\Users\Arthur\Documents\GitHub\code\Chapter6_NonRigidFaceTracking\build\opencv_hotshots\ft\exe\annotate.vcxproj" (build target(s)).

Build succeeded.

Time Elapsed 00:00:00.08
