Build started 2013/7/22 10:19:48.
     1>Project "C:\Users\Arthur\Documents\GitHub\code\Chapter6_NonRigidFaceTracking\build\opencv_hotshots\ft\exe\train_shape_model.vcxproj" on node 8 (build target(s)).
     1>InitializeBuildStatus:
         Creating "train_shape_model.dir\Release\train_shape_model.unsuccessfulbuild" because "AlwaysCreate" was specified.
       CustomBuild:
         Building Custom Rule C:/Users/Arthur/Documents/GitHub/code/Chapter6_NonRigidFaceTracking/src/opencv_hotshots/ft/exe/CMakeLists.txt
         CMake does not need to re-run because C:\Users\Arthur\Documents\GitHub\code\Chapter6_NonRigidFaceTracking\build\opencv_hotshots\ft\exe\CMakeFiles\generate.stamp is up-to-date.
       ClCompile:
         C:\Program Files (x86)\Microsoft Visual Studio 10.0\VC\bin\CL.exe /c /ID:/OpenCV/2.4.5/opencv/mybuild/install/include /ID:/OpenCV/2.4.5/opencv/mybuild/install/include/opencv /IC:/Users/Arthur/Documents/GitHub/code/Chapter6_NonRigidFaceTracking/src /nologo /W3 /WX- /O2 /Ob2 /Oy- /D WIN32 /D _WINDOWS /D NDEBUG /D "CMAKE_INTDIR=\"Release\"" /D _MBCS /Gm- /EHsc /MD /GS /fp:precise /Zc:wchar_t /Zc:forScope /GR /Fo"train_shape_model.dir\Release\\" /Fd"C:/Users/Arthur/Documents/GitHub/code/Chapter6_NonRigidFaceTracking/bin/Release/train_shape_model.pdb" /Gd /TP /analyze- /errorReport:prompt ..\..\..\..\src\opencv_hotshots\ft\exe\train_shape_model.cpp
         train_shape_model.cpp
     1>..\..\..\..\src\opencv_hotshots\ft\exe\train_shape_model.cpp(39): warning C4244: 'return' : conversion from 'double' to 'float', possible loss of data
     1>..\..\..\..\src\opencv_hotshots\ft\exe\train_shape_model.cpp(41): warning C4305: 'return' : truncation from 'double' to 'float'
     1>..\..\..\..\src\opencv_hotshots\ft\exe\train_shape_model.cpp(51): warning C4244: 'return' : conversion from 'int' to 'float', possible loss of data
     1>..\..\..\..\src\opencv_hotshots\ft\exe\train_shape_model.cpp(71): warning C4244: 'initializing' : conversion from 'float' to 'int', possible loss of data
       Link:
         C:\Program Files (x86)\Microsoft Visual Studio 10.0\VC\bin\link.exe /ERRORREPORT:PROMPT /OUT:"C:\Users\Arthur\Documents\GitHub\code\Chapter6_NonRigidFaceTracking\bin\Release\train_shape_model.exe" /INCREMENTAL:NO /NOLOGO kernel32.lib user32.lib gdi32.lib winspool.lib shell32.lib ole32.lib oleaut32.lib uuid.lib comdlg32.lib advapi32.lib D:\OpenCV\2.4.5\opencv\mybuild\install\lib\opencv_calib3d245.lib D:\OpenCV\2.4.5\opencv\mybuild\install\lib\opencv_contrib245.lib D:\OpenCV\2.4.5\opencv\mybuild\install\lib\opencv_core245.lib D:\OpenCV\2.4.5\opencv\mybuild\install\lib\opencv_features2d245.lib D:\OpenCV\2.4.5\opencv\mybuild\install\lib\opencv_flann245.lib D:\OpenCV\2.4.5\opencv\mybuild\install\lib\opencv_gpu245.lib D:\OpenCV\2.4.5\opencv\mybuild\install\lib\opencv_highgui245.lib D:\OpenCV\2.4.5\opencv\mybuild\install\lib\opencv_imgproc245.lib D:\OpenCV\2.4.5\opencv\mybuild\install\lib\opencv_legacy245.lib D:\OpenCV\2.4.5\opencv\mybuild\install\lib\opencv_ml245.lib D:\OpenCV\2.4.5\opencv\mybuild\install\lib\opencv_nonfree245.lib D:\OpenCV\2.4.5\opencv\mybuild\install\lib\opencv_objdetect245.lib D:\OpenCV\2.4.5\opencv\mybuild\install\lib\opencv_photo245.lib D:\OpenCV\2.4.5\opencv\mybuild\install\lib\opencv_stitching245.lib D:\OpenCV\2.4.5\opencv\mybuild\install\lib\opencv_superres245.lib D:\OpenCV\2.4.5\opencv\mybuild\install\lib\opencv_ts245.lib D:\OpenCV\2.4.5\opencv\mybuild\install\lib\opencv_video245.lib D:\OpenCV\2.4.5\opencv\mybuild\install\lib\opencv_videostab245.lib C:\Users\Arthur\Documents\GitHub\code\Chapter6_NonRigidFaceTracking\lib\Release\ft.lib D:\OpenCV\2.4.5\opencv\mybuild\install\lib\opencv_calib3d245.lib D:\OpenCV\2.4.5\opencv\mybuild\install\lib\opencv_contrib245.lib D:\OpenCV\2.4.5\opencv\mybuild\install\lib\opencv_core245.lib D:\OpenCV\2.4.5\opencv\mybuild\install\lib\opencv_features2d245.lib D:\OpenCV\2.4.5\opencv\mybuild\install\lib\opencv_flann245.lib D:\OpenCV\2.4.5\opencv\mybuild\install\lib\opencv_gpu245.lib D:\OpenCV\2.4.5\opencv\mybuild\install\lib\opencv_highgui245.lib D:\OpenCV\2.4.5\opencv\mybuild\install\lib\opencv_imgproc245.lib D:\OpenCV\2.4.5\opencv\mybuild\install\lib\opencv_legacy245.lib D:\OpenCV\2.4.5\opencv\mybuild\install\lib\opencv_ml245.lib D:\OpenCV\2.4.5\opencv\mybuild\install\lib\opencv_nonfree245.lib D:\OpenCV\2.4.5\opencv\mybuild\install\lib\opencv_objdetect245.lib D:\OpenCV\2.4.5\opencv\mybuild\install\lib\opencv_photo245.lib D:\OpenCV\2.4.5\opencv\mybuild\install\lib\opencv_stitching245.lib D:\OpenCV\2.4.5\opencv\mybuild\install\lib\opencv_superres245.lib D:\OpenCV\2.4.5\opencv\mybuild\install\lib\opencv_ts245.lib D:\OpenCV\2.4.5\opencv\mybuild\install\lib\opencv_video245.lib D:\OpenCV\2.4.5\opencv\mybuild\install\lib\opencv_videostab245.lib /MANIFEST /ManifestFile:"train_shape_model.dir\Release\train_shape_model.exe.intermediate.manifest" /MANIFESTUAC:"level='asInvoker' uiAccess='false'" /PDB:"C:/Users/Arthur/Documents/GitHub/code/Chapter6_NonRigidFaceTracking/bin/Release/train_shape_model.pdb" /SUBSYSTEM:CONSOLE /TLBID:1 /DYNAMICBASE /NXCOMPAT /IMPLIB:"C:/Users/Arthur/Documents/GitHub/code/Chapter6_NonRigidFaceTracking/bin/Release/train_shape_model.lib" /MACHINE:X86 train_shape_model.dir\Release\train_shape_model.obj  /machine:X86 
         train_shape_model.vcxproj -> C:\Users\Arthur\Documents\GitHub\code\Chapter6_NonRigidFaceTracking\bin\Release\train_shape_model.exe
       Manifest:
         C:\Program Files (x86)\Microsoft SDKs\Windows\v7.0A\bin\mt.exe /nologo /verbose /outputresource:"C:\Users\Arthur\Documents\GitHub\code\Chapter6_NonRigidFaceTracking\bin\Release\train_shape_model.exe;#1" /manifest train_shape_model.dir\Release\train_shape_model.exe.intermediate.manifest
       FinalizeBuildStatus:
         Deleting file "train_shape_model.dir\Release\train_shape_model.unsuccessfulbuild".
         Touching "train_shape_model.dir\Release\train_shape_model.lastbuildstate".
     1>Done Building Project "C:\Users\Arthur\Documents\GitHub\code\Chapter6_NonRigidFaceTracking\build\opencv_hotshots\ft\exe\train_shape_model.vcxproj" (build target(s)).

Build succeeded.

Time Elapsed 00:00:01.79
